2025-12-14 22:37:19,216 [INFO] Inicializando sac11.py
2025-12-14 22:37:20,082 [INFO] Interface iniciada.
2025-12-14 22:37:55,834 [INFO] Inicializando sac11.py
2025-12-14 22:37:55,992 [INFO] Interface iniciada.
2025-12-14 22:40:21,254 [INFO] Aplicaçăo encerrada.
2025-12-14 22:53:04,742 [INFO] Inicializando sac11.py
2025-12-14 22:53:04,937 [INFO] Interface iniciada.
2025-12-14 22:53:06,790 [INFO] Aplicaçăo encerrada.
2025-12-14 22:58:05,284 [INFO] Inicializando sac11.py
2025-12-14 22:58:05,444 [INFO] Interface iniciada.
2025-12-14 22:58:14,794 [INFO] Filtro numérico True
2025-12-14 22:58:15,818 [INFO] Filtro numérico False
2025-12-14 22:58:25,308 [INFO] Aplicaçăo encerrada.
2025-12-14 22:59:46,719 [INFO] Inicializando sac11.py
2025-12-14 22:59:46,914 [INFO] Interface iniciada.
2025-12-14 23:00:13,769 [INFO] Inicializando sac11.py
2025-12-14 23:00:13,945 [INFO] Interface iniciada.
2025-12-14 23:02:39,701 [INFO] Inicializando sac11.py
2025-12-14 23:02:39,901 [INFO] Interface iniciada.
2025-12-14 23:02:58,495 [INFO] Inicializando sac11.py
2025-12-14 23:02:58,660 [INFO] Interface iniciada.
2025-12-14 23:03:15,996 [INFO] Inicializando sac11.py
2025-12-14 23:03:16,153 [INFO] Interface iniciada.
2025-12-14 23:03:56,124 [INFO] Inicializando sac11.py
2025-12-14 23:03:56,321 [INFO] Interface iniciada.
2025-12-14 23:04:49,107 [INFO] Inicializando sac11.py
2025-12-14 23:04:49,283 [INFO] Interface iniciada.
2025-12-22 19:11:20,765 [INFO] Inicializando sac11.py
2025-12-22 19:11:21,925 [INFO] Interface iniciada.
2025-12-22 20:26:24,926 [INFO] Inicializando sac11.py
2025-12-22 20:26:25,385 [INFO] Interface iniciada.
2025-12-22 20:28:28,427 [INFO] Inicializando sac11.py
2025-12-22 20:28:28,650 [INFO] Interface iniciada.
2026-03-29 20:15:26,888 [INFO] Inicializando sac11.py
2026-03-29 20:15:27,667 [INFO] Interface iniciada.
2026-03-29 20:16:26,268 [INFO] Inicializando sac11.py
2026-03-29 20:16:26,444 [INFO] Interface iniciada.
2026-03-29 20:18:34,402 [INFO] Inicializando sac11.py
2026-03-29 20:18:34,611 [INFO] Interface iniciada.
2026-03-29 20:29:09,683 [INFO] Inicializando sac11.py
2026-03-29 20:29:09,934 [INFO] Interface iniciada.
2026-03-29 20:31:45,270 [INFO] Inicializando sac11.py
2026-03-29 20:31:45,477 [INFO] Interface iniciada.
2026-03-29 20:33:11,242 [INFO] Inicializando sac11.py
2026-03-29 20:33:11,436 [INFO] Interface iniciada.
2026-03-29 20:33:41,052 [INFO] Inicializando sac11.py
2026-03-29 20:33:41,226 [INFO] Interface iniciada.
2026-03-29 20:35:39,637 [INFO] Inicializando sac11.py
2026-03-29 20:35:39,837 [INFO] Interface iniciada.
2026-03-29 20:36:03,700 [INFO] Inicializando sac11.py
2026-03-29 20:36:03,882 [INFO] Interface iniciada.
2026-03-29 20:37:38,023 [INFO] Inicializando sac11.py
2026-03-29 20:37:38,206 [INFO] Interface iniciada.
2026-03-29 20:37:52,271 [INFO] Inicializando sac11.py
2026-03-29 20:37:52,472 [INFO] Interface iniciada.
2026-03-29 21:06:41,354 [INFO] Inicializando sac11.py
2026-03-29 21:06:41,555 [INFO] Interface iniciada.
2026-03-29 21:06:48,662 [INFO] Aplicaçăo encerrada.
2026-03-29 21:19:32,794 [INFO] Inicializando sac11.py
2026-03-29 21:19:33,002 [INFO] Interface iniciada.
